date: "2014-08-27 15:29:32.313"
argv: node /usr/local/bin/hexo generate
os: Darwin 13.3.0 darwin x64
versions:
  http_parser: "2.2"
  node: 0.11.12
  v8: 3.22.24.19
  uv: 0.11.22
  zlib: 1.2.3
  modules: "14"
  openssl: 1.0.1f
  hexo: 2.8.2
---
[debug] 15:29:31.722 Config file loaded from /Users/adad184/Workspace/Github/hexo/_config.yml[debug] 15:29:31.726 Version info checked successfully[debug] 15:29:31.757 Loading database.[debug] 15:29:31.812 Processed: page.md (9ms)[debug] 15:29:31.812 Processed: draft.md (8ms)[debug] 15:29:31.817 Processed: photo.md (13ms)[debug] 15:29:31.817 Processed: post.md (13ms)[debug] 15:29:32.039 Plugin loaded successfully: hexo-console-optimize[debug] 15:29:32.046 Plugin loaded successfully: hexo-generator-feed[debug] 15:29:32.061 Plugin loaded successfully: hexo-renderer-ejs[debug] 15:29:32.077 Plugin loaded successfully: hexo-renderer-marked[debug] 15:29:32.244 Plugin loaded successfully: hexo-renderer-stylus[debug] 15:29:32.247 Script load successfully: fancybox.js[debug] 15:29:32.265 Processed: favicon.ico (1ms)[debug] 15:29:32.272 Processed: _posts/2013-12-05-ru-he-rang-uitableviewcell-zhong-de-imageview-da-xiao-gu-ding.md (7ms)[debug] 15:29:32.273 Processed: _posts/2013-12-06-at-nimbus-jie-shao-yu-shi-yong-shi-jian.md (1ms)[debug] 15:29:32.274 Processed: _posts/2013-12-10-ge-ren-zong-jie-de-yi-xie-app-de-dai-ma-shi-jian.md (1ms)[debug] 15:29:32.275 Processed: _posts/2013-12-10-ru-he-cong-duo-zhong-modalviewcontroller-zhong-zhi-jie-fan-hui-zui-di-ceng.md (1ms)[debug] 15:29:32.276 Processed: _posts/2013-12-11-jie-jue-biao-dan-bei-jian-pan-zhe-zhu-de-wen-ti.md (1ms)[debug] 15:29:32.277 Processed: _posts/2013-12-12-wan-mei-jie-jue-interactivepopgesturerecognizer-qia-zhu-de-wen-ti.md (1ms)[debug] 15:29:32.277 Processed: _posts/2013-12-19-jie-jue-biao-dan-bei-jian-pan-zhe-zhu-de-wen-ti-xu.md (0ms)[debug] 15:29:32.278 Processed: _posts/2013-12-31-kai-yuan-xiang-mu-mmspinimageview-yong-yu-360-du-xian-shi-huan-pai-wu-ti.md (1ms)[debug] 15:29:32.279 Processed: _posts/2014-08-21-kai-yuan-xiang-mu-mmplaceholder.md (1ms)[debug] 15:29:32.280 Processed: _posts/2014-08-26-ru-he-kuai-su-de-shan-chu-imessageli-de-xin-xi.md (1ms)[debug] 15:29:32.280 Processed: CNAME (0ms)[debug] 15:29:32.292 Processed: source/js/script.js (0ms)[debug] 15:29:32.292 Processed: source/css/_extend.styl (0ms)[debug] 15:29:32.292 Processed: source/css/_variables.styl (0ms)[debug] 15:29:32.292 Processed: source/css/style.styl (0ms)[debug] 15:29:32.292 Processed: source/css/_partial/archive.styl (0ms)[debug] 15:29:32.292 Processed: source/css/_partial/article.styl (0ms)[debug] 15:29:32.292 Processed: source/css/_partial/comment.styl (0ms)[debug] 15:29:32.292 Processed: source/css/_partial/footer.styl (0ms)[debug] 15:29:32.293 Processed: source/css/_partial/header.styl (0ms)[debug] 15:29:32.293 Processed: source/css/_partial/highlight.styl (0ms)[debug] 15:29:32.293 Processed: source/css/_partial/mobile.styl (0ms)[debug] 15:29:32.293 Processed: source/css/_partial/sidebar-aside.styl (0ms)[debug] 15:29:32.293 Processed: source/css/_partial/sidebar-bottom.styl (0ms)[debug] 15:29:32.293 Processed: source/css/_partial/sidebar.styl (0ms)[debug] 15:29:32.293 Processed: source/css/_util/grid.styl (0ms)[debug] 15:29:32.293 Processed: source/css/_util/mixin.styl (0ms)[debug] 15:29:32.293 Processed: source/css/fonts/FontAwesome.otf (0ms)[debug] 15:29:32.293 Processed: source/css/fonts/fontawesome-webfont.eot (0ms)[debug] 15:29:32.293 Processed: source/css/fonts/fontawesome-webfont.svg (0ms)[debug] 15:29:32.294 Processed: source/css/fonts/fontawesome-webfont.ttf (1ms)[debug] 15:29:32.294 Processed: source/css/fonts/fontawesome-webfont.woff (0ms)[debug] 15:29:32.294 Processed: source/css/images/banner.jpg (0ms)[debug] 15:29:32.294 Processed: source/css/images/board-bg.png (0ms)[debug] 15:29:32.294 Processed: source/css/images/content-bg.png (0ms)[debug] 15:29:32.294 Processed: source/css/images/sidebar-bg.png (0ms)[debug] 15:29:32.294 Processed: source/fancybox/blank.gif (0ms)[debug] 15:29:32.295 Processed: source/fancybox/fancybox_loading.gif (1ms)[debug] 15:29:32.295 Processed: source/fancybox/fancybox_loading@2x.gif (0ms)[debug] 15:29:32.295 Processed: source/fancybox/fancybox_overlay.png (0ms)[debug] 15:29:32.295 Processed: source/fancybox/fancybox_sprite.png (0ms)[debug] 15:29:32.295 Processed: source/fancybox/fancybox_sprite@2x.png (0ms)[debug] 15:29:32.295 Processed: source/fancybox/jquery.fancybox.css (0ms)[debug] 15:29:32.296 Processed: source/fancybox/jquery.fancybox.js (1ms)[debug] 15:29:32.296 Processed: source/fancybox/jquery.fancybox.pack.js (0ms)[debug] 15:29:32.296 Processed: source/fancybox/helpers/fancybox_buttons.png (0ms)[debug] 15:29:32.296 Processed: source/fancybox/helpers/jquery.fancybox-buttons.css (0ms)[debug] 15:29:32.297 Processed: source/fancybox/helpers/jquery.fancybox-buttons.js (1ms)[debug] 15:29:32.297 Processed: source/fancybox/helpers/jquery.fancybox-media.js (0ms)[debug] 15:29:32.297 Processed: source/fancybox/helpers/jquery.fancybox-thumbs.css (0ms)[debug] 15:29:32.297 Processed: source/fancybox/helpers/jquery.fancybox-thumbs.js (0ms)[debug] 15:29:32.300 Processed: layout/archive.ejs (11ms)[debug] 15:29:32.300 Processed: layout/category.ejs (11ms)[debug] 15:29:32.300 Processed: layout/index.ejs (11ms)[debug] 15:29:32.300 Processed: layout/layout.ejs (11ms)[debug] 15:29:32.300 Processed: layout/page.ejs (10ms)[debug] 15:29:32.300 Processed: layout/post.ejs (10ms)[debug] 15:29:32.300 Processed: layout/tag.ejs (10ms)[debug] 15:29:32.300 Processed: layout/_widget/archive.ejs (10ms)[debug] 15:29:32.300 Processed: layout/_widget/category.ejs (10ms)[debug] 15:29:32.300 Processed: layout/_widget/links.ejs (10ms)[debug] 15:29:32.300 Processed: layout/_widget/recent_posts.ejs (10ms)[debug] 15:29:32.300 Processed: layout/_widget/tag.ejs (10ms)[debug] 15:29:32.300 Processed: layout/_widget/tagcloud.ejs (10ms)[debug] 15:29:32.300 Processed: layout/_partial/archive-post.ejs (10ms)[debug] 15:29:32.300 Processed: layout/_partial/after-footer.ejs (10ms)[debug] 15:29:32.300 Processed: layout/_partial/archive.ejs (9ms)[debug] 15:29:32.300 Processed: layout/_partial/article.ejs (9ms)[debug] 15:29:32.300 Processed: layout/_partial/footer.ejs (9ms)[debug] 15:29:32.300 Processed: layout/_partial/google-analytics.ejs (9ms)[debug] 15:29:32.300 Processed: layout/_partial/head.ejs (9ms)[debug] 15:29:32.300 Processed: layout/_partial/header.ejs (9ms)[debug] 15:29:32.300 Processed: layout/_partial/mobile-nav.ejs (9ms)[debug] 15:29:32.300 Processed: layout/_partial/sidebar.ejs (9ms)[debug] 15:29:32.301 Processed: layout/_partial/post/category.ejs (10ms)[debug] 15:29:32.301 Processed: layout/_partial/post/date.ejs (10ms)[debug] 15:29:32.301 Processed: layout/_partial/post/gallery.ejs (10ms)[debug] 15:29:32.301 Processed: layout/_partial/post/nav.ejs (10ms)[debug] 15:29:32.301 Processed: layout/_partial/post/tag.ejs (10ms)[debug] 15:29:32.301 Processed: layout/_partial/post/title.ejs (9ms)[error] 15:29:32.304 { name: 'HexoError',
  reason: 'bad indentation of a mapping entry',
  mark: 
   { name: null,
     buffer: '# Header\nmenu:\n  Home: /\n  Archives: /archives\nrss: /atom.xml\n\n# Content\nexcerpt_link: Read More\nfancybox: false\n\n# Sidebar\nsidebar: right\nwidgets:\n- category\n- tag\n- tagcloud\n- archive\n- recent_posts\n- links\n\n# Links\nlinks:\n  @Github: https://github.com/adad184\n  @StackOverflow: http://stackoverflow.com/users/1340076/adali\n  @Dropbox: https://www.dropbox.com/sh/y636n1ysardp0m7/AAD8h0RT37cOVgIKkrtSZcQwa\n  @Weibo: http://www.weibo.com/ljc1986\n\n# Miscellaneous\ngoogle_analytics:\nfavicon: /favicon.ico\ntwitter:\ngoogle_plus:\nfb_admins: \nfb_app_id:\n\n# Duoshuo\nduoshuo_shortname: adad184\n\u0000',
     position: 227,
     line: 22,
     column: 2 },
  message: 'Process failed: _config.yml',
  domain: 
   { domain: null,
     _events: { error: [Function] },
     _maxListeners: undefined,
     members: [ [Object] ] },
  domainThrown: true,
  stack: undefined }[debug] 15:29:32.312 Processed: languages/default.yml (22ms)[debug] 15:29:32.312 Processed: languages/zh-CN.yml (23ms)[debug] 15:29:32.312 Processed: languages/zh-TW.yml (23ms)